<?xml version="1.0" encoding="UTF-8"?>
<!-- Generated by org.testng.reporters.JUnitReportReporter -->
<testsuite hostname="Nadsoft" failures="0" tests="7" name="LoginTest" time="65.332" errors="0" timestamp="2023-06-11T13:22:03 EET" skipped="0">
  <testcase classname="LoginTest" name="invalid_userName_invalid_Password" time="5.835"/>
  <system-out/>
  <testcase classname="LoginTest" name="invalid_userName_validPassword" time="8.688"/>
  <system-out/>
  <testcase classname="LoginTest" name="valid_userName_invalidPassword" time="7.914"/>
  <system-out/>
  <testcase classname="LoginTest" name="empty_userName" time="10.455"/>
  <system-out/>
  <testcase classname="LoginTest" name="empty_password" time="17.283"/>
  <system-out/>
  <testcase classname="LoginTest" name="empty_userName_emptyPassword" time="8.079"/>
  <system-out/>
  <testcase classname="LoginTest" name="valid_username_validPassword" time="7.078"/>
  <system-out/>
</testsuite> <!-- LoginTest -->
