<?xml version="1.0" encoding="UTF-8"?>
<!-- Generated by org.testng.reporters.JUnitReportReporter -->
<testsuite hostname="Nadsoft" failures="0" tests="7" name="LoginTest" time="61.028" errors="0" timestamp="2023-06-09T13:34:23 EET" skipped="0">
  <testcase classname="LoginTest" name="invalid_userName_invalid_Password" time="5.741"/>
  <system-out/>
  <testcase classname="LoginTest" name="invalid_userName_validPassword" time="5.780"/>
  <system-out/>
  <testcase classname="LoginTest" name="valid_userName_invalidPassword" time="5.528"/>
  <system-out/>
  <testcase classname="LoginTest" name="empty_userName" time="10.241"/>
  <system-out/>
  <testcase classname="LoginTest" name="empty_password" time="11.486"/>
  <system-out/>
  <testcase classname="LoginTest" name="empty_userName_emptyPassword" time="10.357"/>
  <system-out/>
  <testcase classname="LoginTest" name="valid_username_validPassword" time="11.895"/>
  <system-out/>
</testsuite> <!-- LoginTest -->
